
Lmod is automatically replacing "PrgEnv-cray/8.4.0" with "PrgEnv-gnu/8.4.0".


Lmod is automatically replacing "cce/16.0.1" with "gcc/11.2.0".


Due to MODULEPATH changes, the following have been reloaded:
  1) cray-mpich/8.1.27


Lmod is automatically replacing "PrgEnv-cray-amd/8.4.0" with
"PrgEnv-cray/8.4.0".


Lmod is automatically replacing "gcc/11.2.0" with "cce/16.0.1".


Lmod is automatically replacing "PrgEnv-gnu/8.4.0" with
"PrgEnv-cray-amd/8.4.0".


Due to MODULEPATH changes, the following have been reloaded:
  1) cray-mpich/8.1.27

0
3
1
7
6
5
2
4
7
4
5
6
0
2
1
3
qubits=28,num_terms=8919,procs=16,,Step=0,Time_grad=6786.071884069592
qubits=28,num_terms=8919,procs=16,,Step=1,Time_grad=6750.951335852966
qubits=28,num_terms=8919,procs=16,,Step=2,Time_grad=6572.787441344
qubits=28,num_terms=8919,procs=16,,Step=3,Time_grad=6744.859427208081
qubits=28,num_terms=8919,procs=16,,Step=4,Time_grad=6512.405617051758
qubits=28,num_terms=8919,procs=16,,Step=5,Time_grad=6625.331841508858
qubits=28,num_terms=8919,procs=16,,Step=6,Time_grad=6630.473427007906
qubits=28,num_terms=8919,procs=16,,Step=7,Time_grad=6537.251033165492
qubits=28,num_terms=8919,procs=16,,Step=8,Time_grad=6473.400821506977
qubits=28,num_terms=8919,procs=16,,Step=9,Time_grad=6412.037973268889
Energies=[array(-64.65802704), array(-67.27855081), array(-69.49508568), array(-71.06337096), array(-72.00536815), array(-72.56929191), array(-72.93940562), array(-73.20750035), array(-73.41735027), array(-73.59079902), array(-73.73945174)],Time_fwd=6543.474122568034
72662 seconds elapsed.
