
Lmod is automatically replacing "PrgEnv-cray/8.4.0" with "PrgEnv-gnu/8.4.0".


Lmod is automatically replacing "cce/16.0.1" with "gcc/11.2.0".


Due to MODULEPATH changes, the following have been reloaded:
  1) cray-mpich/8.1.27


Lmod is automatically replacing "PrgEnv-cray-amd/8.4.0" with
"PrgEnv-cray/8.4.0".


Lmod is automatically replacing "gcc/11.2.0" with "cce/16.0.1".


Lmod is automatically replacing "PrgEnv-gnu/8.4.0" with
"PrgEnv-cray-amd/8.4.0".


Due to MODULEPATH changes, the following have been reloaded:
  1) cray-mpich/8.1.27

1
3
2
0
4
6
5
7
0
4
6
2
1
5
3
3
7
5
2
6
1
0
0
2
2
1
6
5
4
1
1
7
4
4
4
3
0
7
3
5
0
5
7
3
3
2
5
7
6
6
4
7
1
6
0
2
1
4
0
6
5
3
2
7
qubits=28,num_terms=8919,procs=64,,Step=0,Time_grad=1114.5532623180188
qubits=28,num_terms=8919,procs=64,,Step=1,Time_grad=1078.7062875228003
qubits=28,num_terms=8919,procs=64,,Step=2,Time_grad=1075.568835155107
qubits=28,num_terms=8919,procs=64,,Step=3,Time_grad=1074.3375940690748
qubits=28,num_terms=8919,procs=64,,Step=4,Time_grad=1083.1514287858736
qubits=28,num_terms=8919,procs=64,,Step=5,Time_grad=1080.175032248022
qubits=28,num_terms=8919,procs=64,,Step=6,Time_grad=1082.1436367179267
qubits=28,num_terms=8919,procs=64,,Step=7,Time_grad=1082.5053361249156
qubits=28,num_terms=8919,procs=64,,Step=8,Time_grad=1073.2843922020402
qubits=28,num_terms=8919,procs=64,,Step=9,Time_grad=1073.0989136570133
Energies=[array(-64.65802704), array(-67.27855081), array(-69.49508568), array(-71.06337096), array(-72.00536815), array(-72.56929191), array(-72.93940562), array(-73.20750035), array(-73.41735027), array(-73.59079902), array(-73.73945174)],Time_fwd=1070.3482580080163
11964 seconds elapsed.
