
Lmod is automatically replacing "PrgEnv-cray/8.4.0" with "PrgEnv-gnu/8.4.0".


Lmod is automatically replacing "cce/16.0.1" with "gcc/11.2.0".


Due to MODULEPATH changes, the following have been reloaded:
  1) cray-mpich/8.1.27


Lmod is automatically replacing "PrgEnv-cray-amd/8.4.0" with
"PrgEnv-cray/8.4.0".


Lmod is automatically replacing "gcc/11.2.0" with "cce/16.0.1".


Lmod is automatically replacing "PrgEnv-gnu/8.4.0" with
"PrgEnv-cray-amd/8.4.0".


Due to MODULEPATH changes, the following have been reloaded:
  1) cray-mpich/8.1.27

7
4
1
2
5
6
0
3
3
2
6
7
4
1
0
0
3
5
4
1
5
2
7
6
3
6
2
2
4
3
5
0
0
0
4
4
0
0
5
7
7
6
6
3
3
2
5
6
2
6
1
1
4
7
7
2
7
1
1
5
5
1
6
2
1
3
0
4
3
7
5
4
6
0
3
4
7
5
2
1
1
2
0
6
0
4
7
3
5
3
4
6
2
1
2
5
7
3
7
1
6
7
6
0
4
3
1
7
5
4
2
6
0
6
7
5
0
3
1
2
4
3
5
0
4
1
5
2
6
3
2
1
2
7
0
6
7
4
5
3
7
1
2
6
0
0
0
5
6
4
3
5
4
1
7
4
1
2
5
3
6
5
7
1
7
2
1
4
6
0
0
5
0
3
4
3
7
1
4
2
2
5
3
1
5
6
3
3
6
7
7
6
6
1
4
3
4
2
6
5
2
5
5
3
6
7
1
7
5
5
4
0
2
2
0
1
7
0
6
4
3
4
7
0
0
2
0
6
2
3
1
1
4
1
4
7
0
3
5
2
0
5
6
2
1
3
4
7
4
0
3
7
2
1
5
6
qubits=28,num_terms=8919,procs=256,,Step=0,Time_grad=397.7593620879343
qubits=28,num_terms=8919,procs=256,,Step=1,Time_grad=365.4720005649142
qubits=28,num_terms=8919,procs=256,,Step=2,Time_grad=365.40071883099154
qubits=28,num_terms=8919,procs=256,,Step=3,Time_grad=364.365238566068
qubits=28,num_terms=8919,procs=256,,Step=4,Time_grad=361.6874162000604
qubits=28,num_terms=8919,procs=256,,Step=5,Time_grad=361.88069939101115
qubits=28,num_terms=8919,procs=256,,Step=6,Time_grad=365.01063865202013
qubits=28,num_terms=8919,procs=256,,Step=7,Time_grad=358.9905095130671
qubits=28,num_terms=8919,procs=256,,Step=8,Time_grad=363.3217550769914
qubits=28,num_terms=8919,procs=256,,Step=9,Time_grad=362.15333417989314
Energies=[array(-64.65802704), array(-67.27855081), array(-69.49508568), array(-71.06337096), array(-72.00536815), array(-72.56929191), array(-72.93940562), array(-73.20750035), array(-73.41735027), array(-73.59079902), array(-73.73945174)],Time_fwd=360.83875112899113
4106 seconds elapsed.
