
Lmod is automatically replacing "PrgEnv-cray/8.4.0" with "PrgEnv-gnu/8.4.0".


Lmod is automatically replacing "cce/16.0.1" with "gcc/11.2.0".


Due to MODULEPATH changes, the following have been reloaded:
  1) cray-mpich/8.1.27


Lmod is automatically replacing "PrgEnv-cray-amd/8.4.0" with
"PrgEnv-cray/8.4.0".


Lmod is automatically replacing "gcc/11.2.0" with "cce/16.0.1".


Lmod is automatically replacing "PrgEnv-gnu/8.4.0" with
"PrgEnv-cray-amd/8.4.0".


Due to MODULEPATH changes, the following have been reloaded:
  1) cray-mpich/8.1.27

2
1
0
3
5
4
6
7
1
4
7
2
6
0
5
3
0
5
7
2
3
4
1
6
7
0
5
7
3
6
4
2
0
2
1
4
6
1
5
3
7
6
6
0
7
2
7
1
1
0
3
5
4
6
4
3
3
2
1
5
5
0
1
3
0
6
4
5
2
2
4
7
2
3
7
6
4
1
7
0
4
2
5
1
3
5
6
0
3
5
4
7
6
1
2
0
3
7
1
4
6
5
7
2
1
6
2
0
4
5
3
0
2
4
3
0
6
7
1
5
1
0
4
3
2
7
5
6
qubits=28,num_terms=8919,procs=128,,Step=0,Time_grad=565.7364398352802
qubits=28,num_terms=8919,procs=128,,Step=1,Time_grad=524.311954558827
qubits=28,num_terms=8919,procs=128,,Step=2,Time_grad=553.8089423235506
qubits=28,num_terms=8919,procs=128,,Step=3,Time_grad=529.8905211640522
qubits=28,num_terms=8919,procs=128,,Step=4,Time_grad=536.4683884289116
qubits=28,num_terms=8919,procs=128,,Step=5,Time_grad=536.2526160823181
qubits=28,num_terms=8919,procs=128,,Step=6,Time_grad=538.4574918169528
qubits=28,num_terms=8919,procs=128,,Step=7,Time_grad=529.5417222548276
qubits=28,num_terms=8919,procs=128,,Step=8,Time_grad=530.24321640376
qubits=28,num_terms=8919,procs=128,,Step=9,Time_grad=533.2984914109111
Energies=[array(-64.65802704), array(-67.27855081), array(-69.49508568), array(-71.06337096), array(-72.00536815), array(-72.56929191), array(-72.93940562), array(-73.20750035), array(-73.41735027), array(-73.59079902), array(-73.73945174)],Time_fwd=530.8454300165176
5990 seconds elapsed.
